2024-08-10T20:35:39.348+07:00  INFO 21220 --- [BackEnd] [restartedMain] o.project4.backend.BackEndApplication    : Starting BackEndApplication using Java 21.0.2 with PID 21220 (D:\3D_China_movie\BackEnd\target\classes started by ninhn in D:\3D_China_movie\BackEnd)
2024-08-10T20:35:39.371+07:00  INFO 21220 --- [BackEnd] [restartedMain] o.project4.backend.BackEndApplication    : No active profile set, falling back to 1 default profile: "default"
2024-08-10T20:35:39.525+07:00  INFO 21220 --- [BackEnd] [restartedMain] .e.DevToolsPropertyDefaultsPostProcessor : Devtools property defaults active! Set 'spring.devtools.add-properties' to 'false' to disable
2024-08-10T20:35:39.525+07:00  INFO 21220 --- [BackEnd] [restartedMain] .e.DevToolsPropertyDefaultsPostProcessor : For additional web related logging consider setting the 'logging.level.web' property to 'DEBUG'
2024-08-10T20:35:43.228+07:00  INFO 21220 --- [BackEnd] [restartedMain] .s.d.r.c.RepositoryConfigurationDelegate : Bootstrapping Spring Data JPA repositories in DEFAULT mode.
2024-08-10T20:35:43.617+07:00  INFO 21220 --- [BackEnd] [restartedMain] .s.d.r.c.RepositoryConfigurationDelegate : Finished Spring Data repository scanning in 375 ms. Found 12 JPA repository interfaces.
2024-08-10T20:35:44.305+07:00  WARN 21220 --- [BackEnd] [restartedMain] trationDelegate$BeanPostProcessorChecker : Bean 'org.springframework.ws.config.annotation.DelegatingWsConfiguration' of type [org.springframework.ws.config.annotation.DelegatingWsConfiguration$$SpringCGLIB$$0] is not eligible for getting processed by all BeanPostProcessors (for example: not eligible for auto-proxying). The currently created BeanPostProcessor [annotationActionEndpointMapping] is declared through a non-static factory method on that class; consider declaring it as static instead.
2024-08-10T20:35:44.426+07:00  INFO 21220 --- [BackEnd] [restartedMain] .w.s.a.s.AnnotationActionEndpointMapping : Supporting [WS-Addressing August 2004, WS-Addressing 1.0]
2024-08-10T20:35:45.281+07:00  INFO 21220 --- [BackEnd] [restartedMain] o.s.b.w.embedded.tomcat.TomcatWebServer  : Tomcat initialized with port 1412 (http)
2024-08-10T20:35:45.319+07:00  INFO 21220 --- [BackEnd] [restartedMain] o.apache.catalina.core.StandardService   : Starting service [Tomcat]
2024-08-10T20:35:45.320+07:00  INFO 21220 --- [BackEnd] [restartedMain] o.apache.catalina.core.StandardEngine    : Starting Servlet engine: [Apache Tomcat/10.1.26]
2024-08-10T20:35:45.437+07:00  INFO 21220 --- [BackEnd] [restartedMain] o.a.c.c.C.[Tomcat].[localhost].[/]       : Initializing Spring embedded WebApplicationContext
2024-08-10T20:35:45.438+07:00  INFO 21220 --- [BackEnd] [restartedMain] w.s.c.ServletWebServerApplicationContext : Root WebApplicationContext: initialization completed in 5912 ms
2024-08-10T20:35:45.794+07:00  INFO 21220 --- [BackEnd] [restartedMain] o.hibernate.jpa.internal.util.LogHelper  : HHH000204: Processing PersistenceUnitInfo [name: default]
2024-08-10T20:35:46.012+07:00  INFO 21220 --- [BackEnd] [restartedMain] org.hibernate.Version                    : HHH000412: Hibernate ORM core version 6.5.2.Final
2024-08-10T20:35:46.113+07:00  INFO 21220 --- [BackEnd] [restartedMain] o.h.c.internal.RegionFactoryInitiator    : HHH000026: Second-level cache disabled
2024-08-10T20:35:46.698+07:00  INFO 21220 --- [BackEnd] [restartedMain] o.s.o.j.p.SpringPersistenceUnitInfo      : No LoadTimeWeaver setup: ignoring JPA class transformer
2024-08-10T20:35:46.744+07:00  INFO 21220 --- [BackEnd] [restartedMain] com.zaxxer.hikari.HikariDataSource       : HikariPool-1 - Starting...
2024-08-10T20:35:47.394+07:00  INFO 21220 --- [BackEnd] [restartedMain] com.zaxxer.hikari.pool.HikariPool        : HikariPool-1 - Added connection ConnectionID:1 ClientConnectionId: c4ae9bd0-78e7-4897-80ab-848e2a5513ce
2024-08-10T20:35:47.397+07:00  INFO 21220 --- [BackEnd] [restartedMain] com.zaxxer.hikari.HikariDataSource       : HikariPool-1 - Start completed.
2024-08-10T20:35:47.442+07:00  WARN 21220 --- [BackEnd] [restartedMain] org.hibernate.orm.deprecation            : HHH90000025: SQLServer2012Dialect does not need to be specified explicitly using 'hibernate.dialect' (remove the property setting and it will be selected by default)
2024-08-10T20:35:47.444+07:00  WARN 21220 --- [BackEnd] [restartedMain] org.hibernate.orm.deprecation            : HHH90000026: SQLServer2012Dialect has been deprecated; use org.hibernate.dialect.SQLServerDialect instead
2024-08-10T20:35:49.342+07:00  INFO 21220 --- [BackEnd] [restartedMain] o.h.e.t.j.p.i.JtaPlatformInitiator       : HHH000489: No JTA platform available (set 'hibernate.transaction.jta.platform' to enable JTA platform integration)
2024-08-10T20:35:50.842+07:00  INFO 21220 --- [BackEnd] [restartedMain] j.LocalContainerEntityManagerFactoryBean : Initialized JPA EntityManagerFactory for persistence unit 'default'
2024-08-10T20:35:52.312+07:00  INFO 21220 --- [BackEnd] [restartedMain] o.s.d.j.r.query.QueryEnhancerFactory     : Hibernate is in classpath; If applicable, HQL parser will be used.
2024-08-10T20:35:53.252+07:00  WARN 21220 --- [BackEnd] [restartedMain] JpaBaseConfiguration$JpaWebConfiguration : spring.jpa.open-in-view is enabled by default. Therefore, database queries may be performed during view rendering. Explicitly configure spring.jpa.open-in-view to disable this warning
2024-08-10T20:35:54.446+07:00  WARN 21220 --- [BackEnd] [restartedMain] ion$DefaultTemplateResolverConfiguration : Cannot find template location: classpath:/templates/ (please add some templates, check your Thymeleaf configuration, or set spring.thymeleaf.check-template-location=false)
2024-08-10T20:35:54.675+07:00  INFO 21220 --- [BackEnd] [restartedMain] o.s.b.d.a.OptionalLiveReloadServer       : LiveReload server is running on port 35729
2024-08-10T20:35:54.941+07:00  INFO 21220 --- [BackEnd] [restartedMain] o.s.b.w.embedded.tomcat.TomcatWebServer  : Tomcat started on port 1412 (http) with context path '/'
2024-08-10T20:35:54.958+07:00  INFO 21220 --- [BackEnd] [restartedMain] o.project4.backend.BackEndApplication    : Started BackEndApplication in 16.939 seconds (process running for 19.508)
2024-08-10T20:36:19.743+07:00  INFO 21220 --- [BackEnd] [http-nio-1412-exec-2] o.a.c.c.C.[Tomcat].[localhost].[/]       : Initializing Spring DispatcherServlet 'dispatcherServlet'
2024-08-10T20:36:19.744+07:00  INFO 21220 --- [BackEnd] [http-nio-1412-exec-2] o.s.web.servlet.DispatcherServlet        : Initializing Servlet 'dispatcherServlet'
2024-08-10T20:36:19.746+07:00  INFO 21220 --- [BackEnd] [http-nio-1412-exec-2] o.s.web.servlet.DispatcherServlet        : Completed initialization in 2 ms
2024-08-10T22:11:20.776+07:00  INFO 21220 --- [BackEnd] [SpringApplicationShutdownHook] j.LocalContainerEntityManagerFactoryBean : Closing JPA EntityManagerFactory for persistence unit 'default'
2024-08-10T22:11:20.808+07:00  INFO 21220 --- [BackEnd] [SpringApplicationShutdownHook] com.zaxxer.hikari.HikariDataSource       : HikariPool-1 - Shutdown initiated...
2024-08-10T22:11:20.813+07:00  INFO 21220 --- [BackEnd] [SpringApplicationShutdownHook] com.zaxxer.hikari.HikariDataSource       : HikariPool-1 - Shutdown completed.
